# JRE version: Java(TM) SE Runtime Environment (8.0_261-b12) (build 1.8.0_261-b12)
# Java VM: Java HotSpot(TM) 64-Bit Server VM (25.261-b12 mixed mode windows-amd64 compressed oops)
Heap:
 PSYoungGen      total 271360K, used 199193K [0x00000000eab00000, 0x00000000fca00000, 0x0000000100000000)
  eden space 258048K, 72% used [0x00000000eab00000,0x00000000f608e6b8,0x00000000fa700000)
  from space 13312K, 99% used [0x00000000fb900000,0x00000000fc5f8010,0x00000000fc600000)
  to   space 17920K, 0% used [0x00000000fa700000,0x00000000fa700000,0x00000000fb880000)
 ParOldGen       total 116736K, used 22401K [0x00000000c0000000, 0x00000000c7200000, 0x00000000eab00000)
  object space 116736K, 19% used [0x00000000c0000000,0x00000000c15e05e0,0x00000000c7200000)
 Metaspace       used 50629K, capacity 52222K, committed 52568K, reserved 1093632K
  class space    used 6926K, capacity 7459K, committed 7552K, reserved 1048576K
GC Heap History (10 events):
Event: 4.552 GC heap before
{Heap before GC invocations=6 (full 1):
 PSYoungGen      total 102400K, used 102195K [0x00000000eab00000, 0x00000000f3480000, 0x0000000100000000)
  eden space 94720K, 100% used [0x00000000eab00000,0x00000000f0780000,0x00000000f0780000)
  from space 7680K, 97% used [0x00000000f2d00000,0x00000000f344cd60,0x00000000f3480000)
  to   space 10240K, 0% used [0x00000000f2080000,0x00000000f2080000,0x00000000f2a80000)
 ParOldGen       total 97792K, used 8765K [0x00000000c0000000, 0x00000000c5f80000, 0x00000000eab00000)
  object space 97792K, 8% used [0x00000000c0000000,0x00000000c088f4d0,0x00000000c5f80000)
 Metaspace       used 34641K, capacity 35306K, committed 35416K, reserved 1079296K
  class space    used 4727K, capacity 4984K, committed 4992K, reserved 1048576K
Event: 4.561 GC heap after
Heap after GC invocations=6 (full 1):
 PSYoungGen      total 130560K, used 10238K [0x00000000eab00000, 0x00000000f5080000, 0x0000000100000000)
  eden space 120320K, 0% used [0x00000000eab00000,0x00000000eab00000,0x00000000f2080000)
  from space 10240K, 99% used [0x00000000f2080000,0x00000000f2a7f8f0,0x00000000f2a80000)
  to   space 13312K, 0% used [0x00000000f4380000,0x00000000f4380000,0x00000000f5080000)
 ParOldGen       total 97792K, used 11529K [0x00000000c0000000, 0x00000000c5f80000, 0x00000000eab00000)
  object space 97792K, 11% used [0x00000000c0000000,0x00000000c0b424b0,0x00000000c5f80000)
 Metaspace       used 34641K, capacity 35306K, committed 35416K, reserved 1079296K
  class space    used 4727K, capacity 4984K, committed 4992K, reserved 1048576K
}
Event: 4.567 GC heap before
{Heap before GC invocations=7 (full 1):
 PSYoungGen      total 130560K, used 12351K [0x00000000eab00000, 0x00000000f5080000, 0x0000000100000000)
  eden space 120320K, 1% used [0x00000000eab00000,0x00000000ead104d8,0x00000000f2080000)
  from space 10240K, 99% used [0x00000000f2080000,0x00000000f2a7f8f0,0x00000000f2a80000)
  to   space 13312K, 0% used [0x00000000f4380000,0x00000000f4380000,0x00000000f5080000)
 ParOldGen       total 97792K, used 11529K [0x00000000c0000000, 0x00000000c5f80000, 0x00000000eab00000)
  object space 97792K, 11% used [0x00000000c0000000,0x00000000c0b424b0,0x00000000c5f80000)
 Metaspace       used 34668K, capacity 35376K, committed 35416K, reserved 1079296K
  class space    used 4731K, capacity 4985K, committed 4992K, reserved 1048576K
Event: 4.572 GC heap after
Heap after GC invocations=7 (full 1):
 PSYoungGen      total 156160K, used 8100K [0x00000000eab00000, 0x00000000fa780000, 0x0000000100000000)
  eden space 142848K, 0% used [0x00000000eab00000,0x00000000eab00000,0x00000000f3680000)
  from space 13312K, 60% used [0x00000000f4380000,0x00000000f4b690c0,0x00000000f5080000)
  to   space 13312K, 0% used [0x00000000f3680000,0x00000000f3680000,0x00000000f4380000)
 ParOldGen       total 97792K, used 11537K [0x00000000c0000000, 0x00000000c5f80000, 0x00000000eab00000)
  object space 97792K, 11% used [0x00000000c0000000,0x00000000c0b444b0,0x00000000c5f80000)
 Metaspace       used 34668K, capacity 35376K, committed 35416K, reserved 1079296K
  class space    used 4731K, capacity 4985K, committed 4992K, reserved 1048576K
}
Event: 4.572 GC heap before
{Heap before GC invocations=8 (full 2):
 PSYoungGen      total 156160K, used 8100K [0x00000000eab00000, 0x00000000fa780000, 0x0000000100000000)
  eden space 142848K, 0% used [0x00000000eab00000,0x00000000eab00000,0x00000000f3680000)
  from space 13312K, 60% used [0x00000000f4380000,0x00000000f4b690c0,0x00000000f5080000)
  to   space 13312K, 0% used [0x00000000f3680000,0x00000000f3680000,0x00000000f4380000)
 ParOldGen       total 97792K, used 11537K [0x00000000c0000000, 0x00000000c5f80000, 0x00000000eab00000)
  object space 97792K, 11% used [0x00000000c0000000,0x00000000c0b444b0,0x00000000c5f80000)
 Metaspace       used 34668K, capacity 35376K, committed 35416K, reserved 1079296K
  class space    used 4731K, capacity 4985K, committed 4992K, reserved 1048576K
Event: 4.631 GC heap after
Heap after GC invocations=8 (full 2):
 PSYoungGen      total 156160K, used 0K [0x00000000eab00000, 0x00000000fa780000, 0x0000000100000000)
  eden space 142848K, 0% used [0x00000000eab00000,0x00000000eab00000,0x00000000f3680000)
  from space 13312K, 0% used [0x00000000f4380000,0x00000000f4380000,0x00000000f5080000)
  to   space 13312K, 0% used [0x00000000f3680000,0x00000000f3680000,0x00000000f4380000)
 ParOldGen       total 116736K, used 14607K [0x00000000c0000000, 0x00000000c7200000, 0x00000000eab00000)
  object space 116736K, 12% used [0x00000000c0000000,0x00000000c0e43c30,0x00000000c7200000)
 Metaspace       used 34620K, capacity 35242K, committed 35416K, reserved 1079296K
  class space    used 4717K, capacity 4939K, committed 4992K, reserved 1048576K
}
Event: 133.438 GC heap before
{Heap before GC invocations=9 (full 2):
 PSYoungGen      total 156160K, used 142848K [0x00000000eab00000, 0x00000000fa780000, 0x0000000100000000)
  eden space 142848K, 100% used [0x00000000eab00000,0x00000000f3680000,0x00000000f3680000)
  from space 13312K, 0% used [0x00000000f4380000,0x00000000f4380000,0x00000000f5080000)
  to   space 13312K, 0% used [0x00000000f3680000,0x00000000f3680000,0x00000000f4380000)
 ParOldGen       total 116736K, used 14607K [0x00000000c0000000, 0x00000000c7200000, 0x00000000eab00000)
  object space 116736K, 12% used [0x00000000c0000000,0x00000000c0e43c30,0x00000000c7200000)
 Metaspace       used 41493K, capacity 42456K, committed 42584K, reserved 1085440K
  class space    used 5710K, capacity 6002K, committed 6016K, reserved 1048576K
Event: 133.454 GC heap after
Heap after GC invocations=9 (full 2):
 PSYoungGen      total 156160K, used 10717K [0x00000000eab00000, 0x00000000fc600000, 0x0000000100000000)
  eden space 142848K, 0% used [0x00000000eab00000,0x00000000eab00000,0x00000000f3680000)
  from space 13312K, 80% used [0x00000000f3680000,0x00000000f40f7740,0x00000000f4380000)
  to   space 13312K, 0% used [0x00000000fb900000,0x00000000fb900000,0x00000000fc600000)
 ParOldGen       total 116736K, used 14615K [0x00000000c0000000, 0x00000000c7200000, 0x00000000eab00000)
  object space 116736K, 12% used [0x00000000c0000000,0x00000000c0e45c30,0x00000000c7200000)
 Metaspace       used 41493K, capacity 42456K, committed 42584K, reserved 1085440K
  class space    used 5710K, capacity 6002K, committed 6016K, reserved 1048576K
}
Event: 134.792 GC heap before
{Heap before GC invocations=10 (full 2):
 PSYoungGen      total 156160K, used 153565K [0x00000000eab00000, 0x00000000fc600000, 0x0000000100000000)
  eden space 142848K, 100% used [0x00000000eab00000,0x00000000f3680000,0x00000000f3680000)
  from space 13312K, 80% used [0x00000000f3680000,0x00000000f40f7740,0x00000000f4380000)
  to   space 13312K, 0% used [0x00000000fb900000,0x00000000fb900000,0x00000000fc600000)
 ParOldGen       total 116736K, used 14615K [0x00000000c0000000, 0x00000000c7200000, 0x00000000eab00000)
  object space 116736K, 12% used [0x00000000c0000000,0x00000000c0e45c30,0x00000000c7200000)
 Metaspace       used 47409K, capacity 48530K, committed 48728K, reserved 1091584K
  class space    used 6527K, capacity 6934K, committed 7040K, reserved 1048576K
Event: 134.812 GC heap after
Heap after GC invocations=10 (full 2):
 PSYoungGen      total 271360K, used 13280K [0x00000000eab00000, 0x00000000fca00000, 0x0000000100000000)
  eden space 258048K, 0% used [0x00000000eab00000,0x00000000eab00000,0x00000000fa700000)
  from space 13312K, 99% used [0x00000000fb900000,0x00000000fc5f8010,0x00000000fc600000)
  to   space 17920K, 0% used [0x00000000fa700000,0x00000000fa700000,0x00000000fb880000)
 ParOldGen       total 116736K, used 22401K [0x00000000c0000000, 0x00000000c7200000, 0x00000000eab00000)
  object space 116736K, 19% used [0x00000000c0000000,0x00000000c15e05e0,0x00000000c7200000)
 Metaspace       used 47409K, capacity 48530K, committed 48728K, reserved 1091584K
  class space    used 6527K, capacity 6934K, committed 7040K, reserved 1048576K
}

